<?xml version="1.0" encoding="UTF-8"?>
<!-- Generated by org.testng.reporters.JUnitReportReporter -->
<testsuite hostname="Acer_Swift_GO" failures="0" tests="1" name="com.qa.AutomationExercise.page_test.Sign_Up_Page_Test_1" time="0.025" errors="0" timestamp="2024-10-22T11:34:53 IST" skipped="0">
  <testcase classname="com.qa.AutomationExercise.page_test.Sign_Up_Page_Test_1" name="demoT4" time="0.025"/>
</testsuite> <!-- com.qa.AutomationExercise.page_test.Sign_Up_Page_Test_1 -->
