<?xml version="1.0" encoding="UTF-8"?>
<!-- Generated by org.testng.reporters.JUnitReportReporter -->
<testsuite hostname="Acer_Swift_GO" failures="0" tests="1" name="com.qa.AutomationExercise.page_test.Home_Page_Test" time="30.124" errors="0" timestamp="2024-09-28T14:31:51 IST" skipped="0">
  <testcase classname="com.qa.AutomationExercise.page_test.Home_Page_Test" name="add_To_Cart" time="30.124"/>
</testsuite> <!-- com.qa.AutomationExercise.page_test.Home_Page_Test -->
