<?xml version="1.0" encoding="UTF-8"?>
<!-- Generated by org.testng.reporters.JUnitReportReporter -->
<testsuite hostname="Acer_Swift_GO" failures="0" tests="1" name="com.qa.AutomationExercise.page_test.Cart_page_test" time="40.573" errors="0" timestamp="2024-09-28T14:53:37 IST" skipped="0">
  <testcase classname="com.qa.AutomationExercise.page_test.Cart_page_test" name="test_add_To_cart_page" time="40.573"/>
</testsuite> <!-- com.qa.AutomationExercise.page_test.Cart_page_test -->
