<?xml version="1.0" encoding="UTF-8"?>
<!-- Generated by org.testng.reporters.JUnitReportReporter -->
<testsuite hostname="Acer_Swift_GO" failures="0" tests="1" name="com.qa.AutomationExercise.page_test.Account_Created_Page_Test" time="14.567" errors="0" timestamp="2024-09-26T15:08:35 IST" skipped="0">
  <testcase classname="com.qa.AutomationExercise.page_test.Account_Created_Page_Test" name="continue_btn" time="14.567"/>
</testsuite> <!-- com.qa.AutomationExercise.page_test.Account_Created_Page_Test -->
