<?xml version="1.0" encoding="UTF-8"?>
<!-- Generated by org.testng.reporters.JUnitReportReporter -->
<testsuite hostname="Acer_Swift_GO" failures="0" tests="3" name="TestNgclasses.TestClassDemo" time="0.009" errors="0" timestamp="2024-09-11T18:56:22 IST" skipped="0">
  <testcase classname="TestNgclasses.TestClassDemo" name="homePage" time="0.006"/>
  <testcase classname="TestNgclasses.TestClassDemo" name="registerationPage" time="0.002"/>
  <testcase classname="TestNgclasses.TestClassDemo" name="cartPage" time="0.001"/>
</testsuite> <!-- TestNgclasses.TestClassDemo -->
