<?xml version="1.0" encoding="UTF-8"?>
<!-- Generated by org.testng.reporters.JUnitReportReporter -->
<testsuite hostname="Acer_Swift_GO" failures="0" tests="1" name="com.qa.AutomationExercise.page_test.Checkout_page_test_6" time="36.214" errors="0" timestamp="2024-10-22T07:23:56 IST" skipped="0">
  <testcase classname="com.qa.AutomationExercise.page_test.Checkout_page_test_6" name="verify_checkout_test" time="36.214"/>
</testsuite> <!-- com.qa.AutomationExercise.page_test.Checkout_page_test_6 -->
