<?xml version="1.0" encoding="UTF-8"?>
<!-- Generated by org.testng.reporters.JUnitReportReporter -->
<testsuite hostname="Acer_Swift_GO" failures="0" tests="2" name="com.qa.AutomationExercise.page_test.Sign_Up_Page_Test" time="2.486" errors="0" timestamp="2024-09-24T21:03:46 IST" skipped="1">
  <testcase classname="com.qa.AutomationExercise.page_test.Sign_Up_Page_Test" name="Correct_login" time="2.486"/>
  <testcase classname="com.qa.AutomationExercise.page_test.Sign_Up_Page_Test" name="correct_Signup_already_signup_credentials">
    <skipped/>
  </testcase> <!-- correct_Signup_already_signup_credentials -->
</testsuite> <!-- com.qa.AutomationExercise.page_test.Sign_Up_Page_Test -->
