<?xml version="1.0" encoding="UTF-8"?>
<!-- Generated by org.testng.reporters.JUnitReportReporter -->
<testsuite hostname="Acer_Swift_GO" failures="0" tests="1" name="com.qa.AutomationExercise.page_test.Sign_Up_Page_Test_1" time="7.864" errors="0" timestamp="2024-10-26T12:06:18 IST" skipped="0">
  <testcase classname="com.qa.AutomationExercise.page_test.Sign_Up_Page_Test_1" name="Verify_Login" time="7.864"/>
</testsuite> <!-- com.qa.AutomationExercise.page_test.Sign_Up_Page_Test_1 -->
