<?xml version="1.0" encoding="UTF-8"?>
<!-- Generated by org.testng.reporters.JUnitReportReporter -->
<testsuite hostname="Acer_Swift_GO" failures="0" tests="1" name="com.qa.AutomationExercise.page_test.Registeration_page_Test" time="8.877" errors="0" timestamp="2024-09-26T14:45:38 IST" skipped="0">
  <testcase classname="com.qa.AutomationExercise.page_test.Registeration_page_Test" name="testFillForm" time="8.877"/>
</testsuite> <!-- com.qa.AutomationExercise.page_test.Registeration_page_Test -->
