<?xml version="1.0" encoding="UTF-8"?>
<!-- Generated by org.testng.reporters.JUnitReportReporter -->
<testsuite hostname="Acer_Swift_GO" failures="0" tests="1" name="com.qa.AutomationExercise.page_test.Payment_page_test_7" time="39.499" errors="0" timestamp="2024-10-22T07:32:45 IST" skipped="0">
  <testcase classname="com.qa.AutomationExercise.page_test.Payment_page_test_7" name="payment_page_test" time="39.499"/>
</testsuite> <!-- com.qa.AutomationExercise.page_test.Payment_page_test_7 -->
