<?xml version="1.0" encoding="UTF-8"?>
<!-- Generated by org.testng.reporters.JUnitReportReporter -->
<testsuite hostname="Acer_Swift_GO" failures="0" tests="1" name="com.qa.AutomationExercise.page_test.Orderplaced_page_test_8" time="54.794" errors="0" timestamp="2024-10-22T11:42:03 IST" skipped="0">
  <testcase classname="com.qa.AutomationExercise.page_test.Orderplaced_page_test_8" name="order_place_test" time="54.794"/>
</testsuite> <!-- com.qa.AutomationExercise.page_test.Orderplaced_page_test_8 -->
