<?xml version="1.0" encoding="UTF-8"?>
<!-- Generated by org.testng.reporters.JUnitReportReporter -->
<testsuite hostname="Acer_Swift_GO" failures="0" tests="1" name="com.qa.AutomationExercise.page_test.Payment_page_test7" time="80.086" errors="0" timestamp="2024-09-28T15:40:46 IST" skipped="0">
  <testcase classname="com.qa.AutomationExercise.page_test.Payment_page_test7" name="payment_page_test" time="80.086"/>
</testsuite> <!-- com.qa.AutomationExercise.page_test.Payment_page_test7 -->
