<?xml version="1.0" encoding="UTF-8"?>
<!-- Generated by org.testng.reporters.JUnitReportReporter -->
<testsuite hostname="Acer_Swift_GO" failures="0" tests="1" name="com.qa.AutomationExercise.page_test.Account_Created_Page_Test_3" time="11.674" errors="0" timestamp="2024-10-22T11:40:40 IST" skipped="0">
  <testcase classname="com.qa.AutomationExercise.page_test.Account_Created_Page_Test_3" name="verify_account_creation" time="11.674"/>
</testsuite> <!-- com.qa.AutomationExercise.page_test.Account_Created_Page_Test_3 -->
