<?xml version="1.0" encoding="UTF-8"?>
<!-- Generated by org.testng.reporters.JUnitReportReporter -->
<testsuite hostname="Acer_Swift_GO" failures="0" tests="1" name="com.qa.AutomationExercise.page_test.Orderplaced_page_test8" time="100.619" errors="0" timestamp="2024-09-28T20:16:51 IST" skipped="0">
  <testcase classname="com.qa.AutomationExercise.page_test.Orderplaced_page_test8" name="order_place_test" time="100.619"/>
</testsuite> <!-- com.qa.AutomationExercise.page_test.Orderplaced_page_test8 -->
