<?xml version="1.0" encoding="UTF-8"?>
<!-- Generated by org.testng.reporters.JUnitReportReporter -->
<testsuite hostname="Acer_Swift_GO" failures="0" tests="1" name="com.qa.AutomationExercise.page_test.Checkout_page_test6" time="37.557" errors="0" timestamp="2024-09-28T15:09:17 IST" skipped="0">
  <testcase classname="com.qa.AutomationExercise.page_test.Checkout_page_test6" name="check_out_test" time="37.557"/>
</testsuite> <!-- com.qa.AutomationExercise.page_test.Checkout_page_test6 -->
