<?xml version="1.0" encoding="UTF-8"?>
<!-- Generated by org.testng.reporters.JUnitReportReporter -->
<testsuite hostname="Acer_Swift_GO" failures="0" tests="1" name="com.qa.AutomationExercise.page_test.Logout_page_test_9" time="42.859" errors="0" timestamp="2024-09-28T20:31:11 IST" skipped="0">
  <testcase classname="com.qa.AutomationExercise.page_test.Logout_page_test_9" name="logout_page_test" time="42.859"/>
</testsuite> <!-- com.qa.AutomationExercise.page_test.Logout_page_test_9 -->
