<?xml version="1.0" encoding="UTF-8"?>
<!-- Generated by org.testng.reporters.JUnitReportReporter -->
<testsuite hostname="Acer_Swift_GO" failures="0" tests="1" name="com.qa.AutomationExercise.page_test.Cart_page_test_5" time="24.197" errors="0" timestamp="2024-10-22T07:21:22 IST" skipped="0">
  <testcase classname="com.qa.AutomationExercise.page_test.Cart_page_test_5" name="verify_cart_page" time="24.197"/>
</testsuite> <!-- com.qa.AutomationExercise.page_test.Cart_page_test_5 -->
